F:\AUST Work File\SD Lab - 1\Kill or Die\Debug\Kill or Die.exe
F:\AUST Work File\SD Lab - 1\Kill or Die\Debug\Kill or Die.ilk
F:\AUST Work File\SD Lab - 1\Kill or Die\Debug\Kill or Die.pdb
F:\AUST Work File\SD Lab - 1\Kill or Die\Kill or Die\Debug\cl.command.1.tlog
F:\AUST Work File\SD Lab - 1\Kill or Die\Kill or Die\Debug\CL.read.1.tlog
F:\AUST Work File\SD Lab - 1\Kill or Die\Kill or Die\Debug\CL.write.1.tlog
F:\AUST Work File\SD Lab - 1\Kill or Die\Kill or Die\Debug\iMain.obj
F:\AUST Work File\SD Lab - 1\Kill or Die\Kill or Die\Debug\Kill or Die.exe.intermediate.manifest
F:\AUST Work File\SD Lab - 1\Kill or Die\Kill or Die\Debug\Kill or Die.vcxprojResolveAssemblyReference.cache
F:\AUST Work File\SD Lab - 1\Kill or Die\Kill or Die\Debug\Kill or Die.write.1.tlog
F:\AUST Work File\SD Lab - 1\Kill or Die\Kill or Die\Debug\link.command.1.tlog
F:\AUST Work File\SD Lab - 1\Kill or Die\Kill or Die\Debug\link.read.1.tlog
F:\AUST Work File\SD Lab - 1\Kill or Die\Kill or Die\Debug\link.write.1.tlog
F:\AUST Work File\SD Lab - 1\Kill or Die\Kill or Die\Debug\mt.command.1.tlog
F:\AUST Work File\SD Lab - 1\Kill or Die\Kill or Die\Debug\mt.read.1.tlog
F:\AUST Work File\SD Lab - 1\Kill or Die\Kill or Die\Debug\mt.write.1.tlog
F:\AUST Work File\SD Lab - 1\Kill or Die\Kill or Die\Debug\vc100.idb
F:\AUST Work File\SD Lab - 1\Kill or Die\Kill or Die\Debug\vc100.pdb
F:\SD LAB - 1\KILL OR DIE\DEBUG\KILL OR DIE.EXE
F:\SD LAB - 1\KILL OR DIE\DEBUG\KILL OR DIE.ILK
F:\SD LAB - 1\KILL OR DIE\DEBUG\KILL OR DIE.PDB
F:\SD LAB - 1\KILL OR DIE\KILL OR DIE\DEBUG\IMAIN.OBJ
F:\SD LAB - 1\KILL OR DIE\KILL OR DIE\DEBUG\KILL OR DIE.EXE.INTERMEDIATE.MANIFEST
F:\SD LAB - 1\KILL OR DIE\KILL OR DIE\DEBUG\VC100.PDB
